(---------------------------------------------------------------------)
(                                                                     )
(    Allegro Netrev Import Logic                                      )
(                                                                     )
(    Drawing          : SCHEMA_CU_CONECTORI.brd                       )
(    Software Version : 17.2S025                                      )
(    Date/Time        : Sat Dec 14 20:12:14 2024                      )
(                                                                     )
(---------------------------------------------------------------------)


------ Directives ------------

Ripup etch:                  No
Ripup delete first segment:  No
Ripup retain bondwire:       No
Ripup symbols:               Always
Missing symbol has error:    No
DRC update:                  Yes
Schematic directory:         'C:\USERS\DAVID\ONEDRIVE\DESKTOP\P1_2024_433E_FLORIAN_DAVID_GSD_N9_ORCAD\SCHEMATICS\SCHEMA_ELECTRICA_CU_CONECTORI\allegro'
Design Directory:            'C:/USERS/DAVID/ONEDRIVE/DESKTOP/P1_2024_433E_FLORIAN_DAVID_GSD_N9_ORCAD/SCHEMATICS/SCHEMA_ELECTRICA_CU_CONECTORI/allegro'
Old design name:             'C:/USERS/DAVID/ONEDRIVE/DESKTOP/P1_2024_433E_FLORIAN_DAVID_GSD_N9_ORCAD/SCHEMATICS/SCHEMA_ELECTRICA_CU_CONECTORI/allegro/SCHEMA_CU_CONECTORI.brd'
New design name:             'C:/USERS/DAVID/ONEDRIVE/DESKTOP/P1_2024_433E_FLORIAN_DAVID_GSD_N9_ORCAD/SCHEMATICS/SCHEMA_ELECTRICA_CU_CONECTORI/allegro/SCHEMA_CU_CONECTORI.brd'

CmdLine: netrev.exe -y 1 -n -i C:\USERS\DAVID\ONEDRIVE\DESKTOP\P1_2024_433E_FLORIAN_DAVID_GSD_N9_ORCAD\SCHEMATICS\SCHEMA_ELECTRICA_CU_CONECTORI\allegro C:\USERS\DAVID\ONEDRIVE\DESKTOP\P1_2024_433E_FLORIAN_DAVID_GSD_N9_ORCAD\SCHEMATICS\SCHEMA_ELECTRICA_CU_CONECTORI\allegro\SCHEMA_CU_CONECTORI.brd C:\USERS\DAVID\ONEDRIVE\DESKTOP\P1_2024_433E_FLORIAN_DAVID_GSD_N9_ORCAD\SCHEMATICS\SCHEMA_ELECTRICA_CU_CONECTORI\allegro\SCHEMA_CU_CONECTORI.brd

------ Preparing to read pst files ------

Starting to read C:/USERS/DAVID/ONEDRIVE/DESKTOP/P1_2024_433E_FLORIAN_DAVID_GSD_N9_ORCAD/SCHEMATICS/SCHEMA_ELECTRICA_CU_CONECTORI/allegro/pstchip.dat 
   Finished reading C:/USERS/DAVID/ONEDRIVE/DESKTOP/P1_2024_433E_FLORIAN_DAVID_GSD_N9_ORCAD/SCHEMATICS/SCHEMA_ELECTRICA_CU_CONECTORI/allegro/pstchip.dat (00:00:00.02)
Starting to read C:/USERS/DAVID/ONEDRIVE/DESKTOP/P1_2024_433E_FLORIAN_DAVID_GSD_N9_ORCAD/SCHEMATICS/SCHEMA_ELECTRICA_CU_CONECTORI/allegro/pstxprt.dat 
   Finished reading C:/USERS/DAVID/ONEDRIVE/DESKTOP/P1_2024_433E_FLORIAN_DAVID_GSD_N9_ORCAD/SCHEMATICS/SCHEMA_ELECTRICA_CU_CONECTORI/allegro/pstxprt.dat (00:00:00.00)
Starting to read C:/USERS/DAVID/ONEDRIVE/DESKTOP/P1_2024_433E_FLORIAN_DAVID_GSD_N9_ORCAD/SCHEMATICS/SCHEMA_ELECTRICA_CU_CONECTORI/allegro/pstxnet.dat 
   Finished reading C:/USERS/DAVID/ONEDRIVE/DESKTOP/P1_2024_433E_FLORIAN_DAVID_GSD_N9_ORCAD/SCHEMATICS/SCHEMA_ELECTRICA_CU_CONECTORI/allegro/pstxnet.dat (00:00:00.00)

------ Oversights/Warnings/Errors ------


------ Library Paths ------
MODULEPATH =  . 
           C:/Cadence/SPB_17.2/share/local/pcb/modules 

PSMPATH =  . 
           symbols 
           .. 
           ../symbols 
           C:/Cadence/SPB_17.2/share/local/pcb/symbols 
           C:/Cadence/SPB_17.2/share/pcb/pcb_lib/symbols 
           C:/Cadence/SPB_17.2/share/pcb/allegrolib/symbols 

PADPATH =  . 
           symbols 
           .. 
           ../symbols 
           C:/Cadence/SPB_17.2/share/local/pcb/padstacks 
           C:/Cadence/SPB_17.2/share/pcb/pcb_lib/symbols 
           C:/Cadence/SPB_17.2/share/pcb/allegrolib/symbols 


------ Summary Statistics ------


netrev run on Dec 14 20:12:14 2024
   DESIGN NAME : 'SCHEMA_CU_CONECTORI'
   PACKAGING ON Jul 30 2017 03:29:02

   COMPILE 'logic'
   CHECK_PIN_NAMES OFF
   CROSS_REFERENCE OFF
   FEEDBACK OFF
   INCREMENTAL OFF
   INTERFACE_TYPE PHYSICAL
   MAX_ERRORS 500
   MERGE_MINIMUM 5
   NET_NAME_CHARS '#%&()*+-./:=>?@[]^_`|'
   NET_NAME_LENGTH 24
   OVERSIGHTS ON
   REPLACE_CHECK OFF
   SINGLE_NODE_NETS ON
   SPLIT_MINIMUM 0
   SUPPRESS   20
   WARNINGS ON

 No error detected
 No oversight detected
 No warning detected

cpu time      0:00:23
elapsed time  0:00:00

